[debug] [2024-11-04T11:36:47.213Z] ----------------------------------------------------------------------
[debug] [2024-11-04T11:36:47.220Z] Command:       C:\Program Files\nodejs\node.exe C:\Users\Administrator\loyapp\node_modules\firebase-tools\lib\bin\firebase.js functions:shell
[debug] [2024-11-04T11:36:47.221Z] CLI Version:   13.23.1
[debug] [2024-11-04T11:36:47.222Z] Platform:      win32
[debug] [2024-11-04T11:36:47.222Z] Node Version:  v20.15.1
[debug] [2024-11-04T11:36:47.222Z] Time:          Mon Nov 04 2024 13:36:47 GMT+0200 (Eastern European Standard Time)
[debug] [2024-11-04T11:36:47.223Z] ----------------------------------------------------------------------
[debug] 
[debug] [2024-11-04T11:36:47.599Z] > command requires scopes: ["email","openid","https://www.googleapis.com/auth/cloudplatformprojects.readonly","https://www.googleapis.com/auth/firebase","https://www.googleapis.com/auth/cloud-platform"]
[debug] [2024-11-04T11:36:47.600Z] > authorizing via signed-in user (info@qvsite.com)
[debug] [2024-11-04T11:36:47.601Z] [iam] checking project loyapp-343d9 for permissions ["firebase.projects.get"]
[debug] [2024-11-04T11:36:47.603Z] Checked if tokens are valid: true, expires at: 1730722130844
[debug] [2024-11-04T11:36:47.604Z] Checked if tokens are valid: true, expires at: 1730722130844
[debug] [2024-11-04T11:36:47.617Z] >>> [apiv2][query] POST https://cloudresourcemanager.googleapis.com/v1/projects/loyapp-343d9:testIamPermissions [none]
[debug] [2024-11-04T11:36:47.618Z] >>> [apiv2][(partial)header] POST https://cloudresourcemanager.googleapis.com/v1/projects/loyapp-343d9:testIamPermissions x-goog-quota-user=projects/loyapp-343d9
[debug] [2024-11-04T11:36:47.618Z] >>> [apiv2][body] POST https://cloudresourcemanager.googleapis.com/v1/projects/loyapp-343d9:testIamPermissions {"permissions":["firebase.projects.get"]}
[debug] [2024-11-04T11:36:48.431Z] <<< [apiv2][status] POST https://cloudresourcemanager.googleapis.com/v1/projects/loyapp-343d9:testIamPermissions 200
[debug] [2024-11-04T11:36:48.431Z] <<< [apiv2][body] POST https://cloudresourcemanager.googleapis.com/v1/projects/loyapp-343d9:testIamPermissions {"permissions":["firebase.projects.get"]}
[debug] [2024-11-04T11:36:48.441Z] [functions] Functions Emulator only supports listening on one address (127.0.0.1). Not listening on ::1
[debug] [2024-11-04T11:36:48.449Z] defaultcredentials: writing to file C:\Users\Administrator\AppData\Roaming\firebase\info_qvsite_com_application_default_credentials.json
[debug] [2024-11-04T11:36:48.452Z] DEBUG: Setting GAC to C:\Users\Administrator\AppData\Roaming\firebase\info_qvsite_com_application_default_credentials.json
[debug] [2024-11-04T11:36:48.453Z] Checked if tokens are valid: true, expires at: 1730722130844
[debug] [2024-11-04T11:36:48.453Z] Checked if tokens are valid: true, expires at: 1730722130844
[debug] [2024-11-04T11:36:48.454Z] >>> [apiv2][query] GET https://firebase.googleapis.com/v1beta1/projects/loyapp-343d9/adminSdkConfig [none]
[debug] [2024-11-04T11:36:49.091Z] <<< [apiv2][status] GET https://firebase.googleapis.com/v1beta1/projects/loyapp-343d9/adminSdkConfig 200
[debug] [2024-11-04T11:36:49.092Z] <<< [apiv2][body] GET https://firebase.googleapis.com/v1beta1/projects/loyapp-343d9/adminSdkConfig {"projectId":"loyapp-343d9","storageBucket":"loyapp-343d9.firebasestorage.app"}
[debug] [2024-11-04T11:36:49.125Z] [functions] Watching "C:\Users\Administrator\loyapp\functions" for Cloud Functions...
[debug] [2024-11-04T11:36:49.141Z] Validating nodejs source
[debug] [2024-11-04T11:36:52.131Z] > [functions] package.json contents: {
  "name": "functions",
  "description": "Cloud Functions for Firebase",
  "scripts": {
    "lint": "eslint .",
    "serve": "firebase emulators:start --only functions",
    "shell": "firebase functions:shell",
    "start": "npm run shell",
    "deploy": "firebase deploy --only functions",
    "logs": "firebase functions:log"
  },
  "engines": {
    "node": "18"
  },
  "main": "index.js",
  "dependencies": {
    "firebase-admin": "^12.7.0",
    "firebase-functions": "^6.1.0"
  },
  "devDependencies": {
    "eslint": "^8.15.0",
    "eslint-config-google": "^0.14.0",
    "firebase-functions-test": "^3.1.0"
  },
  "private": true
}
[debug] [2024-11-04T11:36:52.131Z] Building nodejs source
[debug] [2024-11-04T11:36:52.132Z] Failed to find version of module node: reached end of search path C:\Users\Administrator\loyapp\functions\node_modules
[warn] !  functions: Your requested "node" version "18" doesn't match your global version "20". Using node@20 from host. 
[debug] [2024-11-04T11:36:52.138Z] Could not find functions.yaml. Must use http discovery
[debug] [2024-11-04T11:36:52.157Z] Found firebase-functions binary at 'C:\Users\Administrator\loyapp\functions\node_modules\.bin\firebase-functions'
[info] Serving at port 8182

[debug] [2024-11-04T11:36:53.725Z] Got response from /__/functions.yaml {"endpoints":{"deleteUserAccount":{"availableMemoryMb":null,"timeoutSeconds":null,"minInstances":null,"maxInstances":10,"ingressSettings":null,"concurrency":null,"serviceAccountEmail":null,"vpc":null,"platform":"gcfv2","labels":{},"callableTrigger":{},"entryPoint":"deleteUserAccount"}},"specVersion":"v1alpha1","requiredAPIs":[],"extensions":{}}
[debug] [2024-11-04T11:36:58.796Z] [functions] Loaded functions definitions from source: deleteUserAccount.
[debug] [2024-11-04T11:36:58.798Z] [functions[us-central1-deleteUserAccount]] http function initialized (http://127.0.0.1:5000/loyapp-343d9/us-central1/deleteUserAccount).
[info] i  functions: Loaded functions: deleteUserAccount 
[warn] !  functions: The following emulators are not running, calls to these services will affect production: firestore, database, pubsub, storage, eventarc, tasks 
